<?xml version="1.0" encoding="UTF-8"?>
<!-- Generated by org.testng.reporters.JUnitXMLReporter -->
<testsuite ignored="1" hostname="DTLPHY20" failures="1" tests="2" name="Test" time="27.857" errors="0" timestamp="2024-11-07T12:23:28 IST">
  <testcase classname="testCases.TC001_registrationAccount" name="registration" time="4.215"/>
  <testcase classname="testCases.TC002_logintest" name="verify_login" time="12.862">
    <failure type="java.lang.AssertionError" message="expected [true] but found [false]">
      <![CDATA[java.lang.AssertionError: expected [true] but found [false]
at testCases.TC002_logintest.verify_login(TC002_logintest.java:32)
at java.base/java.util.ArrayList.forEach(ArrayList.java:1597)
... Removed 29 stack frames]]>
    </failure>
  </testcase> <!-- verify_login -->
  <testcase classname="testCases.TC003_LoginDDT" name="Verify_LoginDDT" time="0.0">
    <ignored/>
  </testcase> <!-- Verify_LoginDDT -->
</testsuite> <!-- Test -->
