<?xml version="1.0" encoding="UTF-8"?>
<testng-results ignored="0" total="1" passed="1" failed="0" skipped="0">
  <reporter-output>
  </reporter-output>
  <suite started-at="2024-11-18T10:35:23 IST" name="Master Suite" finished-at="2024-11-18T10:35:46 IST" duration-ms="23667">
    <groups>
    </groups>
    <test started-at="2024-11-18T10:35:23 IST" name="Test" finished-at="2024-11-18T10:35:46 IST" duration-ms="23667">
      <class name="testCases.TC005_shoppingCart">
        <test-method is-config="true" signature="setup(java.lang.String,java.lang.String)[pri:0, instance:testCases.TC005_shoppingCart@24111ef1]" started-at="2024-11-18T10:35:24 IST" name="setup" finished-at="2024-11-18T10:35:30 IST" duration-ms="6633" status="PASS">
          <params>
            <param index="0">
              <value>
                <![CDATA[Windows]]>
              </value>
            </param>
            <param index="1">
              <value>
                <![CDATA[chrome]]>
              </value>
            </param>
          </params>
          <reporter-output>
          </reporter-output>
        </test-method> <!-- setup -->
        <test-method signature="MyShoppingCart()[pri:0, instance:testCases.TC005_shoppingCart@24111ef1]" started-at="2024-11-18T10:35:30 IST" name="MyShoppingCart" finished-at="2024-11-18T10:35:46 IST" duration-ms="15324" status="PASS">
          <reporter-output>
          </reporter-output>
        </test-method> <!-- MyShoppingCart -->
        <test-method is-config="true" signature="teardown()[pri:0, instance:testCases.TC005_shoppingCart@24111ef1]" started-at="2024-11-18T10:35:46 IST" name="teardown" finished-at="2024-11-18T10:35:46 IST" duration-ms="712" status="PASS">
          <reporter-output>
          </reporter-output>
        </test-method> <!-- teardown -->
      </class> <!-- testCases.TC005_shoppingCart -->
    </test> <!-- Test -->
  </suite> <!-- Master Suite -->
</testng-results>
